Using pre-set license
Built from '2020.3/staging' branch; Version is '2020.3.30f1 (1fb1bf06830e) revision 2077119'; Using compiler version '192528614'; Build Type 'Release'
OS: 'Windows 10  (10.0.16299) 64bit Professional' Language: 'ru' Physical Memory: 16343 MB
BatchMode: 1, IsHumanControllingUs: 0, StartBugReporterOnCrash: 0, Is64bit: 1, IsPro: 0

COMMAND LINE ARGUMENTS:
C:\Program Files\Unity\Hub\Editor\2020.3.30f1\Editor\Unity.exe
-adb2
-batchMode
-noUpm
-name
AssetImportWorker0
-projectPath
C:/Users/e.kondrashin/Documents/GitHub/Platformer-project/My project
-logFile
Logs/AssetImportWorker0.log
-srvPort
53885
Successfully changed project path to: C:/Users/e.kondrashin/Documents/GitHub/Platformer-project/My project
C:/Users/e.kondrashin/Documents/GitHub/Platformer-project/My project
Using Asset Import Pipeline V2.
Refreshing native plugins compatible for Editor in 50.69 ms, found 3 plugins.
Preloading 0 native plugins for Editor in 0.00 ms.
Initialize engine version: 2020.3.30f1 (1fb1bf06830e)
[Subsystems] Discovering subsystems at path C:/Program Files/Unity/Hub/Editor/2020.3.30f1/Editor/Data/Resources/UnitySubsystems
[Subsystems] Discovering subsystems at path C:/Users/e.kondrashin/Documents/GitHub/Platformer-project/My project/Assets
GfxDevice: creating device client; threaded=0
Direct3D:
    Version:  Direct3D 11.0 [level 11.1]
    Renderer: NVIDIA Quadro P600 (ID=0x1cb2)
    Vendor:   
    VRAM:     1981 MB
    Driver:   27.21.14.6296
Initialize mono
Mono path[0] = 'C:/Program Files/Unity/Hub/Editor/2020.3.30f1/Editor/Data/Managed'
Mono path[1] = 'C:/Program Files/Unity/Hub/Editor/2020.3.30f1/Editor/Data/MonoBleedingEdge/lib/mono/unityjit'
Mono config path = 'C:/Program Files/Unity/Hub/Editor/2020.3.30f1/Editor/Data/MonoBleedingEdge/etc'
Using monoOptions --debugger-agent=transport=dt_socket,embedding=1,server=y,suspend=n,address=127.0.0.1:56456
Begin MonoManager ReloadAssembly
Registering precompiled unity dll's ...
Register platform support module: C:/Program Files/Unity/Hub/Editor/2020.3.30f1/Editor/Data/PlaybackEngines/WindowsStandaloneSupport/UnityEditor.WindowsStandalone.Extensions.dll
Registered in 0.001610 seconds.
Native extension for WindowsStandalone target not found
Refreshing native plugins compatible for Editor in 51.96 ms, found 3 plugins.
Preloading 0 native plugins for Editor in 0.00 ms.
Mono: successfully reloaded assembly
- Completed reload, in  0.637 seconds
Domain Reload Profiling:
	ReloadAssembly (637ms)
		BeginReloadAssembly (67ms)
			ExecutionOrderSort (0ms)
			DisableScriptedObjects (0ms)
			BackupInstance (0ms)
			ReleaseScriptingObjects (0ms)
			CreateAndSetChildDomain (1ms)
		EndReloadAssembly (496ms)
			LoadAssemblies (65ms)
			RebuildTransferFunctionScriptingTraits (0ms)
			SetupTypeCache (159ms)
			ReleaseScriptCaches (0ms)
			RebuildScriptCaches (40ms)
			SetupLoadedEditorAssemblies (189ms)
				LogAssemblyErrors (0ms)
				InitializePlatformSupportModulesInManaged (4ms)
				SetLoadedEditorAssemblies (0ms)
				RefreshPlugins (52ms)
				BeforeProcessingInitializeOnLoad (9ms)
				ProcessInitializeOnLoadAttributes (91ms)
				ProcessInitializeOnLoadMethodAttributes (32ms)
				AfterProcessingInitializeOnLoad (0ms)
				EditorAssembliesLoaded (0ms)
			ExecutionOrderSort2 (0ms)
			AwakeInstancesAfterBackupRestoration (0ms)
Platform modules already initialized, skipping
Registering precompiled user dll's ...
Registered in 0.003792 seconds.
Begin MonoManager ReloadAssembly
Native extension for WindowsStandalone target not found
Refreshing native plugins compatible for Editor in 54.59 ms, found 3 plugins.
Preloading 0 native plugins for Editor in 0.00 ms.
Mono: successfully reloaded assembly
- Completed reload, in  1.235 seconds
Domain Reload Profiling:
	ReloadAssembly (1236ms)
		BeginReloadAssembly (181ms)
			ExecutionOrderSort (0ms)
			DisableScriptedObjects (5ms)
			BackupInstance (0ms)
			ReleaseScriptingObjects (0ms)
			CreateAndSetChildDomain (21ms)
		EndReloadAssembly (991ms)
			LoadAssemblies (113ms)
			RebuildTransferFunctionScriptingTraits (0ms)
			SetupTypeCache (314ms)
			ReleaseScriptCaches (0ms)
			RebuildScriptCaches (55ms)
			SetupLoadedEditorAssemblies (377ms)
				LogAssemblyErrors (0ms)
				InitializePlatformSupportModulesInManaged (4ms)
				SetLoadedEditorAssemblies (0ms)
				RefreshPlugins (55ms)
				BeforeProcessingInitializeOnLoad (75ms)
				ProcessInitializeOnLoadAttributes (218ms)
				ProcessInitializeOnLoadMethodAttributes (19ms)
				AfterProcessingInitializeOnLoad (6ms)
				EditorAssembliesLoaded (0ms)
			ExecutionOrderSort2 (0ms)
			AwakeInstancesAfterBackupRestoration (7ms)
Platform modules already initialized, skipping
========================================================================
Worker process is ready to serve import requests
Launched and connected shader compiler UnityShaderCompiler.exe after 0.07 seconds
Refreshing native plugins compatible for Editor in 0.55 ms, found 3 plugins.
Preloading 0 native plugins for Editor in 0.00 ms.
Unloading 2206 Unused Serialized files (Serialized files now loaded: 0)
System memory in use before: 96.5 MB.
System memory in use after: 96.4 MB.

Unloading 31 unused Assets to reduce memory usage. Loaded Objects now: 2637.
Total: 3.591514 ms (FindLiveObjects: 0.201387 ms CreateObjectMapping: 0.171350 ms MarkObjects: 3.058009 ms  DeleteObjects: 0.158720 ms)

AssetImportParameters requested are different than current active one (requested -> active):
  custom:framework-win-MediaFoundation: 216162199b28c13a410421893ffa2e32 -> 
  custom:video-decoder-ogg-theora: a1e56fd34408186e4bbccfd4996cb3dc -> 
  custom:container-muxer-webm: aa71ff27fc2769a1b78a27578f13a17b -> 
  custom:container-demuxer-webm: 4f35f7cbe854078d1ac9338744f61a02 -> 
  custom:container-demuxer-ogg: 62fdf1f143b41e24485cea50d1cbac27 -> 
  custom:video-encoder-webm-vp8: eb34c28f22e8b96e1ab97ce403110664 -> 
  custom:video-codec-MediaFoundation-h265: 746d11721c4dcdbdad8f713fa42b33f4 -> 
  custom:video-decoder-webm-vp8: 9c59270c3fd7afecdb556c50c9e8de78 -> 
  custom:audio-decoder-ogg-vorbis: bf7c407c2cedff20999df2af8eb42d56 -> 
  custom:audio-encoder-webm-vorbis: bf7c407c2cedff20999df2af8eb42d56 -> 
========================================================================
Received Import Request.
  path: Assets/Vector Parts 1/Face 01.png
  artifactKey: Guid(8afdac246fb217b4391136a4fd52fa37) Importer(815301076,1909f56bfc062723c751e8b465ee728b)
Start importing Assets/Vector Parts 1/Face 01.png using Guid(8afdac246fb217b4391136a4fd52fa37) Importer(815301076,1909f56bfc062723c751e8b465ee728b)  -> (artifact id: 'f6791fb3b14c7a2c7632d6257b43f80d') in 0.126963 seconds 
========================================================================
Received Import Request.
  Time since last request: 0.000287 seconds.
  path: Assets/Vector Parts 1/Left Leg.png
  artifactKey: Guid(273262fe4904d0d4ca2ccd7515ef468e) Importer(815301076,1909f56bfc062723c751e8b465ee728b)
Start importing Assets/Vector Parts 1/Left Leg.png using Guid(273262fe4904d0d4ca2ccd7515ef468e) Importer(815301076,1909f56bfc062723c751e8b465ee728b)  -> (artifact id: 'a24e1d07b3b869c89988614a03895c1a') in 0.021950 seconds 
========================================================================
Received Import Request.
  Time since last request: 0.000257 seconds.
  path: Assets/Vector Parts 1/Right Arm.png
  artifactKey: Guid(029af7974f2f9c74d833028dc9b085eb) Importer(815301076,1909f56bfc062723c751e8b465ee728b)
Start importing Assets/Vector Parts 1/Right Arm.png using Guid(029af7974f2f9c74d833028dc9b085eb) Importer(815301076,1909f56bfc062723c751e8b465ee728b)  -> (artifact id: 'a8b04f293431888b91b5cf4b98944427') in 0.018539 seconds 
========================================================================
Received Import Request.
  Time since last request: 0.000303 seconds.
  path: Assets/Vector Parts 1/Body.png
  artifactKey: Guid(3ba51b525fb090446b1b50540c9836d6) Importer(815301076,1909f56bfc062723c751e8b465ee728b)
Start importing Assets/Vector Parts 1/Body.png using Guid(3ba51b525fb090446b1b50540c9836d6) Importer(815301076,1909f56bfc062723c751e8b465ee728b)  -> (artifact id: 'f7d9d51f9af5f811dd984c003f886d00') in 0.021740 seconds 
========================================================================
Received Import Request.
  Time since last request: 0.000244 seconds.
  path: Assets/Vector Parts 1/Left Arm.png
  artifactKey: Guid(6f3aadd54243cf940b2a3c875ccb2767) Importer(815301076,1909f56bfc062723c751e8b465ee728b)
Start importing Assets/Vector Parts 1/Left Arm.png using Guid(6f3aadd54243cf940b2a3c875ccb2767) Importer(815301076,1909f56bfc062723c751e8b465ee728b)  -> (artifact id: '855a9cbacc682ef799ee12f22c7ab4e8') in 0.013557 seconds 
========================================================================
Received Import Request.
  Time since last request: 0.000186 seconds.
  path: Assets/Vector Parts 1/Right Hand.png
  artifactKey: Guid(c18a3f00850ffaa44a739c3700ebb4be) Importer(815301076,1909f56bfc062723c751e8b465ee728b)
Start importing Assets/Vector Parts 1/Right Hand.png using Guid(c18a3f00850ffaa44a739c3700ebb4be) Importer(815301076,1909f56bfc062723c751e8b465ee728b)  -> (artifact id: 'f8da2aade6b329fb02bc77884d5556f3') in 0.016165 seconds 
========================================================================
Received Import Request.
  Time since last request: 0.000186 seconds.
  path: Assets/Vector Parts 1/02.prefab
  artifactKey: Guid(b745071b5b9cb844794f47682063f42a) Importer(815301076,1909f56bfc062723c751e8b465ee728b)
Start importing Assets/Vector Parts 1/02.prefab using Guid(b745071b5b9cb844794f47682063f42a) Importer(815301076,1909f56bfc062723c751e8b465ee728b)  -> (artifact id: '85877445417550a77e505d21ac38b1b5') in 0.017879 seconds 
========================================================================
Received Import Request.
  Time since last request: 0.000155 seconds.
  path: Assets/Vector Parts 1/Head.png
  artifactKey: Guid(37a60f98c5f525f40ac9ddacf9388f47) Importer(815301076,1909f56bfc062723c751e8b465ee728b)
Start importing Assets/Vector Parts 1/Head.png using Guid(37a60f98c5f525f40ac9ddacf9388f47) Importer(815301076,1909f56bfc062723c751e8b465ee728b)  -> (artifact id: 'b2f30e11dda4f2a7a1234fb9690c2c45') in 0.016610 seconds 
========================================================================
Received Import Request.
  Time since last request: 0.000151 seconds.
  path: Assets/Vector Parts 1/Weapon.png
  artifactKey: Guid(f85fd511de3ad96428c6918e32894b49) Importer(815301076,1909f56bfc062723c751e8b465ee728b)
Start importing Assets/Vector Parts 1/Weapon.png using Guid(f85fd511de3ad96428c6918e32894b49) Importer(815301076,1909f56bfc062723c751e8b465ee728b)  -> (artifact id: '8ff98d30f693758799141762356ec5bd') in 0.016480 seconds 
========================================================================
Received Import Request.
  Time since last request: 0.000154 seconds.
  path: Assets/Vector Parts 1/Face 03.png
  artifactKey: Guid(4230deb9e10513a43a43b6c5d0ae0d9d) Importer(815301076,1909f56bfc062723c751e8b465ee728b)
Start importing Assets/Vector Parts 1/Face 03.png using Guid(4230deb9e10513a43a43b6c5d0ae0d9d) Importer(815301076,1909f56bfc062723c751e8b465ee728b)  -> (artifact id: 'd44a5caf719a5928cb4fc4480cae7c30') in 0.019052 seconds 
========================================================================
Received Import Request.
  Time since last request: 0.000166 seconds.
  path: Assets/Vector Parts 1/Left Hand.png
  artifactKey: Guid(eef5bde62d13a9c4791ecdf2512aa164) Importer(815301076,1909f56bfc062723c751e8b465ee728b)
Start importing Assets/Vector Parts 1/Left Hand.png using Guid(eef5bde62d13a9c4791ecdf2512aa164) Importer(815301076,1909f56bfc062723c751e8b465ee728b)  -> (artifact id: '90e046838b171472a0c1cff32643f048') in 0.017488 seconds 
========================================================================
Received Import Request.
  Time since last request: 0.000148 seconds.
  path: Assets/Vector Parts 1/Face 02.png
  artifactKey: Guid(dbdcae78399b5b54f804a010b44fc28a) Importer(815301076,1909f56bfc062723c751e8b465ee728b)
Start importing Assets/Vector Parts 1/Face 02.png using Guid(dbdcae78399b5b54f804a010b44fc28a) Importer(815301076,1909f56bfc062723c751e8b465ee728b)  -> (artifact id: 'db09007b410519b54ed3d35b484c741a') in 0.017621 seconds 
========================================================================
Received Import Request.
  Time since last request: 0.000161 seconds.
  path: Assets/Vector Parts 1/Right Leg.png
  artifactKey: Guid(161281563ebcc2f489795f4f0abd7533) Importer(815301076,1909f56bfc062723c751e8b465ee728b)
Start importing Assets/Vector Parts 1/Right Leg.png using Guid(161281563ebcc2f489795f4f0abd7533) Importer(815301076,1909f56bfc062723c751e8b465ee728b)  -> (artifact id: 'e697d5b5ee1c6f122957e7e90148c588') in 0.014382 seconds 
========================================================================
Received Import Request.
  Time since last request: 3.039487 seconds.
  path: Assets/Spriter2UnityDX/Runtime
  artifactKey: Guid(d10aa6967e2a34fee829c5246b4d5889) Importer(815301076,1909f56bfc062723c751e8b465ee728b)
Start importing Assets/Spriter2UnityDX/Runtime using Guid(d10aa6967e2a34fee829c5246b4d5889) Importer(815301076,1909f56bfc062723c751e8b465ee728b)  -> (artifact id: 'aa50752986f37616c2af7a9467dbfd6b') in 0.009264 seconds 
========================================================================
Received Import Request.
  Time since last request: 2.595339 seconds.
  path: Assets/Spriter2UnityDX/Runtime/EntityRenderer.cs
  artifactKey: Guid(b8e9dda14b6f34517a0d598d3320a902) Importer(815301076,1909f56bfc062723c751e8b465ee728b)
Start importing Assets/Spriter2UnityDX/Runtime/EntityRenderer.cs using Guid(b8e9dda14b6f34517a0d598d3320a902) Importer(815301076,1909f56bfc062723c751e8b465ee728b)  -> (artifact id: '1859366d2335dceed6fffd5a1ad3e16d') in 0.018800 seconds 
========================================================================
Received Import Request.
  Time since last request: 5.932420 seconds.
  path: Assets/Spriter2UnityDX/Runtime/SortingOrderUpdater.cs
  artifactKey: Guid(c4a179c16de604057bc1902978187da5) Importer(815301076,1909f56bfc062723c751e8b465ee728b)
Start importing Assets/Spriter2UnityDX/Runtime/SortingOrderUpdater.cs using Guid(c4a179c16de604057bc1902978187da5) Importer(815301076,1909f56bfc062723c751e8b465ee728b)  -> (artifact id: 'f124b4cb8346b9a711473547c01f6e0b') in 0.008538 seconds 
========================================================================
Received Import Request.
  Time since last request: 4.716042 seconds.
  path: Assets/Spriter2UnityDX/Editor/Settings.asset
  artifactKey: Guid(cf890ff70619741bf9b6f668ec8c3b18) Importer(815301076,1909f56bfc062723c751e8b465ee728b)
Start importing Assets/Spriter2UnityDX/Editor/Settings.asset using Guid(cf890ff70619741bf9b6f668ec8c3b18) Importer(815301076,1909f56bfc062723c751e8b465ee728b)  -> (artifact id: 'e6064b14cbb13d70c7415817ae634e20') in 0.008864 seconds 
========================================================================
Received Import Request.
  Time since last request: 20.723005 seconds.
  path: Assets/Vector Parts 1/02.prefab
  artifactKey: Guid(b745071b5b9cb844794f47682063f42a) Importer(815301076,1909f56bfc062723c751e8b465ee728b)
Start importing Assets/Vector Parts 1/02.prefab using Guid(b745071b5b9cb844794f47682063f42a) Importer(815301076,1909f56bfc062723c751e8b465ee728b)  -> (artifact id: '4fb74b435ffb8cbab474414e27340fff') in 0.046372 seconds 
========================================================================
Received Import Request.
  Time since last request: 1.553579 seconds.
  path: Assets/Vector Parts 1/02.controller
  artifactKey: Guid(4a2e8d0050bcef644ac242ddc978145a) Importer(815301076,1909f56bfc062723c751e8b465ee728b)
Start importing Assets/Vector Parts 1/02.controller using Guid(4a2e8d0050bcef644ac242ddc978145a) Importer(815301076,1909f56bfc062723c751e8b465ee728b)  -> (artifact id: 'e4a48d44114b3e04f601f0f42963cec3') in 0.010744 seconds 
========================================================================
Received Prepare
Registering precompiled user dll's ...
Registered in 0.003434 seconds.
Begin MonoManager ReloadAssembly
Native extension for WindowsStandalone target not found
Refreshing native plugins compatible for Editor in 0.50 ms, found 3 plugins.
Preloading 0 native plugins for Editor in 0.00 ms.
Mono: successfully reloaded assembly
- Completed reload, in  1.062 seconds
Domain Reload Profiling:
	ReloadAssembly (1063ms)
		BeginReloadAssembly (119ms)
			ExecutionOrderSort (0ms)
			DisableScriptedObjects (6ms)
			BackupInstance (0ms)
			ReleaseScriptingObjects (0ms)
			CreateAndSetChildDomain (36ms)
		EndReloadAssembly (881ms)
			LoadAssemblies (100ms)
			RebuildTransferFunctionScriptingTraits (0ms)
			SetupTypeCache (303ms)
			ReleaseScriptCaches (1ms)
			RebuildScriptCaches (57ms)
			SetupLoadedEditorAssemblies (309ms)
				LogAssemblyErrors (0ms)
				InitializePlatformSupportModulesInManaged (5ms)
				SetLoadedEditorAssemblies (1ms)
				RefreshPlugins (1ms)
				BeforeProcessingInitializeOnLoad (67ms)
				ProcessInitializeOnLoadAttributes (218ms)
				ProcessInitializeOnLoadMethodAttributes (12ms)
				AfterProcessingInitializeOnLoad (5ms)
				EditorAssembliesLoaded (0ms)
			ExecutionOrderSort2 (0ms)
			AwakeInstancesAfterBackupRestoration (10ms)
Platform modules already initialized, skipping
Refreshing native plugins compatible for Editor in 0.59 ms, found 3 plugins.
Preloading 0 native plugins for Editor in 0.00 ms.
Unloading 2201 Unused Serialized files (Serialized files now loaded: 0)
System memory in use before: 99.5 MB.
System memory in use after: 99.5 MB.

Unloading 20 unused Assets to reduce memory usage. Loaded Objects now: 2654.
Total: 3.780271 ms (FindLiveObjects: 0.177835 ms CreateObjectMapping: 0.086699 ms MarkObjects: 3.383641 ms  DeleteObjects: 0.130048 ms)

AssetImportParameters requested are different than current active one (requested -> active):
  custom:framework-win-MediaFoundation: 216162199b28c13a410421893ffa2e32 -> 
  custom:video-decoder-ogg-theora: a1e56fd34408186e4bbccfd4996cb3dc -> 
  custom:container-muxer-webm: aa71ff27fc2769a1b78a27578f13a17b -> 
  custom:container-demuxer-webm: 4f35f7cbe854078d1ac9338744f61a02 -> 
  custom:container-demuxer-ogg: 62fdf1f143b41e24485cea50d1cbac27 -> 
  custom:video-encoder-webm-vp8: eb34c28f22e8b96e1ab97ce403110664 -> 
  custom:video-codec-MediaFoundation-h265: 746d11721c4dcdbdad8f713fa42b33f4 -> 
  custom:video-decoder-webm-vp8: 9c59270c3fd7afecdb556c50c9e8de78 -> 
  custom:audio-decoder-ogg-vorbis: bf7c407c2cedff20999df2af8eb42d56 -> 
  custom:audio-encoder-webm-vorbis: bf7c407c2cedff20999df2af8eb42d56 -> 
========================================================================
Received Prepare
Registering precompiled user dll's ...
Registered in 0.004084 seconds.
Begin MonoManager ReloadAssembly
Native extension for WindowsStandalone target not found
Refreshing native plugins compatible for Editor in 0.50 ms, found 3 plugins.
Preloading 0 native plugins for Editor in 0.00 ms.
Mono: successfully reloaded assembly
- Completed reload, in  1.481 seconds
Domain Reload Profiling:
	ReloadAssembly (1481ms)
		BeginReloadAssembly (146ms)
			ExecutionOrderSort (0ms)
			DisableScriptedObjects (9ms)
			BackupInstance (0ms)
			ReleaseScriptingObjects (0ms)
			CreateAndSetChildDomain (44ms)
		EndReloadAssembly (1262ms)
			LoadAssemblies (140ms)
			RebuildTransferFunctionScriptingTraits (0ms)
			SetupTypeCache (337ms)
			ReleaseScriptCaches (1ms)
			RebuildScriptCaches (45ms)
			SetupLoadedEditorAssemblies (631ms)
				LogAssemblyErrors (0ms)
				InitializePlatformSupportModulesInManaged (6ms)
				SetLoadedEditorAssemblies (1ms)
				RefreshPlugins (1ms)
				BeforeProcessingInitializeOnLoad (76ms)
				ProcessInitializeOnLoadAttributes (529ms)
				ProcessInitializeOnLoadMethodAttributes (13ms)
				AfterProcessingInitializeOnLoad (6ms)
				EditorAssembliesLoaded (0ms)
			ExecutionOrderSort2 (0ms)
			AwakeInstancesAfterBackupRestoration (11ms)
Platform modules already initialized, skipping
Refreshing native plugins compatible for Editor in 0.51 ms, found 3 plugins.
Preloading 0 native plugins for Editor in 0.00 ms.
Unloading 2201 Unused Serialized files (Serialized files now loaded: 0)
System memory in use before: 99.5 MB.
System memory in use after: 99.5 MB.

Unloading 20 unused Assets to reduce memory usage. Loaded Objects now: 2656.
Total: 3.254617 ms (FindLiveObjects: 0.181248 ms CreateObjectMapping: 0.101376 ms MarkObjects: 2.838531 ms  DeleteObjects: 0.132437 ms)

AssetImportParameters requested are different than current active one (requested -> active):
  custom:framework-win-MediaFoundation: 216162199b28c13a410421893ffa2e32 -> 
  custom:video-decoder-ogg-theora: a1e56fd34408186e4bbccfd4996cb3dc -> 
  custom:container-muxer-webm: aa71ff27fc2769a1b78a27578f13a17b -> 
  custom:container-demuxer-webm: 4f35f7cbe854078d1ac9338744f61a02 -> 
  custom:container-demuxer-ogg: 62fdf1f143b41e24485cea50d1cbac27 -> 
  custom:video-encoder-webm-vp8: eb34c28f22e8b96e1ab97ce403110664 -> 
  custom:video-codec-MediaFoundation-h265: 746d11721c4dcdbdad8f713fa42b33f4 -> 
  custom:video-decoder-webm-vp8: 9c59270c3fd7afecdb556c50c9e8de78 -> 
  custom:audio-decoder-ogg-vorbis: bf7c407c2cedff20999df2af8eb42d56 -> 
  custom:audio-encoder-webm-vorbis: bf7c407c2cedff20999df2af8eb42d56 -> 
AssetImportWorkerClient::OnTransportError - code=2 error=End of file
